<?xml version="1.0" encoding="UTF-8" ?>
<testsuites>
  <testsuite errors="0" failures="0" hostname="kctsai-VirtualBox" id="0" name="JUnit Jupiter" package="" skipped="0" tests="8" time="14.59" timestamp="2022-09-28T14:08:18">
    <properties>
[...]
</properties>

    <testcase classname="test.unit.DateUtilsTests" name="minusLong()" time="0.106">
      <system-out><![CDATA[
unique-id: [engine:junit-jupiter]/[class:test.unit.DateUtilsTests]/[method:minusLong()]
display-name: minus given milis
]]></system-out>

    </testcase>

    <testcase classname="test.acceptance.DeleteReportTests" name="addPoint()" time="0.001">
      <system-out><![CDATA[
unique-id: [engine:junit-jupiter]/[class:test.acceptance.DeleteReportTests]/[method:addPoint()]
display-name: delete report
]]></system-out>

    </testcase>

    <testcase classname="test.acceptance.ChooseDateTests" name="addPoint()" time="0.003">
      <system-out><![CDATA[
unique-id: [engine:junit-jupiter]/[class:test.acceptance.ChooseDateTests]/[method:addPoint()]
display-name: input date range
]]></system-out>

    </testcase>

    <testcase classname="test.acceptance.ExampleSeleniumTests" name="usernameDisplay()" time="0.078">
      <system-out><![CDATA[
unique-id: [engine:junit-jupiter]/[class:test.acceptance.ExampleSeleniumTests]/[method:usernameDisplay()]
display-name: Displayed username is 'admin'
]]></system-out>

    </testcase>

    <testcase classname="test.acceptance.ReportTests" name="addPoint()" time="0.007">
      <system-out><![CDATA[
unique-id: [engine:junit-jupiter]/[class:test.acceptance.ReportTests]/[method:addPoint()]
display-name: Generate report
]]></system-out>

    </testcase>

    <testcase classname="test.acceptance.ReportSaveTests" name="export_report()" time="14.245">
      <system-out><![CDATA[
unique-id: [engine:junit-jupiter]/[class:test.acceptance.ReportSaveTests]/[method:export_report()]
display-name: Export report
]]></system-out>

    </testcase>

    <testcase classname="test.acceptance.AddpointsTests" name="addPoint()" time="0.001">
      <system-out><![CDATA[
unique-id: [engine:junit-jupiter]/[class:test.acceptance.AddpointsTests]/[method:addPoint()]
display-name: add data point
]]></system-out>

    </testcase>

    <testcase classname="test.acceptance.ViewChartTests" name="addPoint()" time="0.001">
      <system-out><![CDATA[
unique-id: [engine:junit-jupiter]/[class:test.acceptance.ViewChartTests]/[method:addPoint()]
display-name: Chart is presented
]]></system-out>

    </testcase>

    <system-out><![CDATA[
unique-id: [engine:junit-jupiter]
display-name: JUnit Jupiter
]]></system-out>

  </testsuite>
  <testsuite errors="0" failures="0" hostname="kctsai-VirtualBox" id="1" name="JUnit Platform Suite" package="" skipped="0" tests="0" time="0.002" timestamp="2022-09-28T14:08:18">
    <properties>
[...]
</properties>

    <system-out><![CDATA[
unique-id: [engine:junit-platform-suite]
display-name: JUnit Platform Suite
]]></system-out>

  </testsuite>
  <testsuite errors="0" failures="0" hostname="kctsai-VirtualBox" id="2" name="JUnit Vintage" package="" skipped="0" tests="0" time="0.003" timestamp="2022-09-28T14:08:18">
    <properties>
[...]
</properties>

    <system-out><![CDATA[
unique-id: [engine:junit-vintage]
display-name: JUnit Vintage
]]></system-out>

  </testsuite>
</testsuites>
